<?xml version="1.0" encoding="UTF-8"?>
<testng-results skipped="0" failed="0" ignored="0" total="0" passed="0">
  <reporter-output>
  </reporter-output>
  <suite name="com.project.Zoho.AppTest" duration-ms="7" started-at="2019-06-12T13:37:05Z" finished-at="2019-06-12T13:37:05Z">
    <groups>
    </groups>
    <test name="Command line test" duration-ms="7" started-at="2019-06-12T13:37:05Z" finished-at="2019-06-12T13:37:05Z">
    </test> <!-- Command line test -->
  </suite> <!-- com.project.Zoho.AppTest -->
</testng-results>
